<?xml version="1.0" encoding="UTF-8"?>
<testng-results skipped="0" failed="0" ignored="0" total="1" passed="1">
  <reporter-output>
  </reporter-output>
  <suite name="alltests" duration-ms="20" started-at="2018-02-09T14:51:57Z" finished-at="2018-02-09T14:51:57Z">
    <groups>
    </groups>
    <test name="alltests" duration-ms="20" started-at="2018-02-09T14:51:57Z" finished-at="2018-02-09T14:51:57Z">
      <class name="BackendTests">
        <test-method status="PASS" signature="testSomeBackendStuff()[pri:0, instance:BackendTests@34ce8af7]" name="testSomeBackendStuff" duration-ms="5" started-at="2018-02-09T14:51:57Z" finished-at="2018-02-09T14:51:57Z">
          <reporter-output>
          </reporter-output>
        </test-method> <!-- testSomeBackendStuff -->
      </class> <!-- BackendTests -->
    </test> <!-- alltests -->
  </suite> <!-- alltests -->
</testng-results>
