<?xml version="1.0" encoding="UTF-8"?>
<testng-results skipped="0" failed="0" ignored="0" total="1" passed="1">
  <reporter-output>
  </reporter-output>
  <suite name="TestsThatUseBackendStuff" duration-ms="25" started-at="2018-02-09T13:48:02Z" finished-at="2018-02-09T13:48:02Z">
    <groups>
    </groups>
    <test name="Command line test" duration-ms="25" started-at="2018-02-09T13:48:02Z" finished-at="2018-02-09T13:48:02Z">
      <class name="TestsThatUseBackendStuff">
        <test-method status="PASS" signature="testThatUsesBackendStuff()[pri:0, instance:TestsThatUseBackendStuff@4411d970]" name="testThatUsesBackendStuff" duration-ms="4" started-at="2018-02-09T13:48:02Z" finished-at="2018-02-09T13:48:02Z">
          <reporter-output>
          </reporter-output>
        </test-method> <!-- testThatUsesBackendStuff -->
      </class> <!-- TestsThatUseBackendStuff -->
    </test> <!-- Command line test -->
  </suite> <!-- TestsThatUseBackendStuff -->
</testng-results>
