<?xml version="1.0" encoding="UTF-8"?>
<testng-results skipped="0" failed="0" ignored="0" total="2" passed="2">
  <reporter-output>
  </reporter-output>
  <suite name="alltests" duration-ms="22" started-at="2018-02-09T14:51:58Z" finished-at="2018-02-09T14:51:58Z">
    <groups>
    </groups>
    <test name="alltests" duration-ms="22" started-at="2018-02-09T14:51:58Z" finished-at="2018-02-09T14:51:58Z">
      <class name="TestsThatUseBackendStuff">
        <test-method status="PASS" signature="testThatUsesBackendStuff()[pri:0, instance:TestsThatUseBackendStuff@5ebec15]" name="testThatUsesBackendStuff" duration-ms="0" started-at="2018-02-09T14:51:58Z" finished-at="2018-02-09T14:51:58Z">
          <reporter-output>
          </reporter-output>
        </test-method> <!-- testThatUsesBackendStuff -->
      </class> <!-- TestsThatUseBackendStuff -->
      <class name="FrontendTests">
        <test-method status="PASS" signature="testSomeFrontEndStuff()[pri:0, instance:FrontendTests@3498ed]" name="testSomeFrontEndStuff" duration-ms="4" started-at="2018-02-09T14:51:58Z" finished-at="2018-02-09T14:51:58Z">
          <reporter-output>
          </reporter-output>
        </test-method> <!-- testSomeFrontEndStuff -->
      </class> <!-- FrontendTests -->
    </test> <!-- alltests -->
  </suite> <!-- alltests -->
</testng-results>
